<?xml version="1.0" encoding="UTF-8"?>
<!-- Generated by org.testng.reporters.JUnitXMLReporter -->
<testsuite hostname="DESKTOP-UP4KJOL" ignored="0" name="Default test" tests="4" failures="0" timestamp="2020-07-31T03:13:26 IST" time="0.137" errors="0">
  <testcase name="Additoin" time="0.032" classname="com.IB.Test.TestNgTC1"/>
  <testcase name="Subtraction" time="0.002" classname="com.IB.Test.TestNgTC1"/>
  <testcase name="Multiplication" time="0.001" classname="com.IB.Test.TestNgTC1"/>
  <testcase name="Dividation" time="0.001" classname="com.IB.Test.TestNgTC1"/>
</testsuite> <!-- Default test -->
