<?xml version="1.0" encoding="UTF-8"?>
<!-- Generated by org.testng.reporters.JUnitXMLReporter -->
<testsuite hostname="DESKTOP-UP4KJOL" name="Default test" tests="4" failures="0" timestamp="22 Jul 2020 18:05:38 GMT" time="0.124" errors="0">
  <testcase name="Additoin" time="0.032" classname="com.IB.Test.TestNgTC1"/>
  <testcase name="Subtraction" time="0.004" classname="com.IB.Test.TestNgTC1"/>
  <testcase name="Multiplication" time="0.003" classname="com.IB.Test.TestNgTC1"/>
  <testcase name="Dividation" time="0.011" classname="com.IB.Test.TestNgTC1"/>
</testsuite> <!-- Default test -->
