<?xml version="1.0" encoding="UTF-8"?>
<!-- Generated by org.testng.reporters.JUnitXMLReporter -->
<testsuite hostname="DESKTOP-UP4KJOL" ignored="0" name="Test" tests="8" failures="0" timestamp="2020-07-31T03:52:26 IST" time="0.123" errors="0">
  <testcase name="Additoin" time="0.016" classname="com.IB.Test.TestCase2"/>
  <testcase name="Subtraction" time="0.003" classname="com.IB.Test.TestCase2"/>
  <testcase name="Multiplication" time="0.003" classname="com.IB.Test.TestCase2"/>
  <testcase name="Dividation" time="0.002" classname="com.IB.Test.TestCase2"/>
  <testcase name="Additoin" time="0.003" classname="com.IB.Test.TestNgTC1"/>
  <testcase name="Subtraction" time="0.007" classname="com.IB.Test.TestNgTC1"/>
  <testcase name="Multiplication" time="0.001" classname="com.IB.Test.TestNgTC1"/>
  <testcase name="Dividation" time="0.002" classname="com.IB.Test.TestNgTC1"/>
</testsuite> <!-- Test -->
