<?xml version="1.0" encoding="UTF-8"?>
<!-- Generated by org.testng.reporters.JUnitXMLReporter -->
<testsuite hostname="DESKTOP-UP4KJOL" name="Test" tests="4" failures="0" timestamp="22 Jul 2020 16:13:24 GMT" time="0.095" errors="0">
  <testcase name="Additoin" time="0.019" classname="com.IB.Test.TestNgTC1"/>
  <testcase name="Subtraction" time="0.002" classname="com.IB.Test.TestNgTC1"/>
  <testcase name="Multiplication" time="0.005" classname="com.IB.Test.TestNgTC1"/>
  <testcase name="Dividation" time="0.0" classname="com.IB.Test.TestNgTC1"/>
</testsuite> <!-- Test -->
