<?xml version="1.0" encoding="UTF-8"?>
<testng-results skipped="0" failed="0" ignored="0" total="4" passed="4">
  <reporter-output>
  </reporter-output>
  <suite name="Default suite" duration-ms="137" started-at="2020-07-31T03:13:26 IST" finished-at="2020-07-31T03:13:26 IST">
    <groups>
    </groups>
    <test name="Default test" duration-ms="137" started-at="2020-07-31T03:13:26 IST" finished-at="2020-07-31T03:13:26 IST">
      <class name="com.IB.Test.TestNgTC1">
        <test-method status="PASS" signature="Additoin()[pri:1, instance:com.IB.Test.TestNgTC1@520a3426]" name="Additoin" duration-ms="32" started-at="2020-07-31T03:13:26 IST" finished-at="2020-07-31T03:13:26 IST">
          <reporter-output>
          </reporter-output>
        </test-method> <!-- Additoin -->
        <test-method status="PASS" signature="Subtraction()[pri:2, instance:com.IB.Test.TestNgTC1@520a3426]" name="Subtraction" duration-ms="2" started-at="2020-07-31T03:13:26 IST" finished-at="2020-07-31T03:13:26 IST">
          <reporter-output>
          </reporter-output>
        </test-method> <!-- Subtraction -->
        <test-method status="PASS" signature="Multiplication()[pri:3, instance:com.IB.Test.TestNgTC1@520a3426]" name="Multiplication" duration-ms="1" started-at="2020-07-31T03:13:26 IST" finished-at="2020-07-31T03:13:26 IST">
          <reporter-output>
          </reporter-output>
        </test-method> <!-- Multiplication -->
        <test-method status="PASS" signature="Dividation()[pri:4, instance:com.IB.Test.TestNgTC1@520a3426]" name="Dividation" duration-ms="1" started-at="2020-07-31T03:13:26 IST" finished-at="2020-07-31T03:13:26 IST">
          <reporter-output>
          </reporter-output>
        </test-method> <!-- Dividation -->
      </class> <!-- com.IB.Test.TestNgTC1 -->
    </test> <!-- Default test -->
  </suite> <!-- Default suite -->
</testng-results>
